c:\users\user\desktop\_25년 1차 sw입문교육\missilesimulator\lib\controlmanager.bsc
c:\users\user\desktop\_25년 1차 sw입문교육\missilesimulator\src\controlmanager\debug\vc143.pdb
c:\users\user\desktop\_25년 1차 sw입문교육\missilesimulator\src\controlmanager\debug\vc143.idb
c:\users\user\desktop\_25년 1차 sw입문교육\missilesimulator\src\controlmanager\debug\controlmanager.sbr
c:\users\user\desktop\_25년 1차 sw입문교육\missilesimulator\src\controlmanager\debug\coordinate_transform.sbr
c:\users\user\desktop\_25년 1차 sw입문교육\missilesimulator\src\controlmanager\debug\target_gen.sbr
c:\users\user\desktop\_25년 1차 sw입문교육\missilesimulator\src\controlmanager\debug\target_gen.obj
c:\users\user\desktop\_25년 1차 sw입문교육\missilesimulator\src\controlmanager\debug\coordinate_transform.obj
c:\users\user\desktop\_25년 1차 sw입문교육\missilesimulator\src\controlmanager\debug\controlmanager.obj
c:\users\user\desktop\_25년 1차 sw입문교육\missilesimulator\bin\controlmanager\controlmanagerd.dll
c:\users\user\desktop\_25년 1차 sw입문교육\missilesimulator\src\controlmanager\debug\controlmanagerd.pdb
c:\users\user\desktop\_25년 1차 sw입문교육\missilesimulator\lib\controlmanagerd.lib
c:\users\user\desktop\_25년 1차 sw입문교육\missilesimulator\lib\controlmanagerd.exp
c:\users\user\desktop\_25년 1차 sw입문교육\missilesimulator\src\controlmanager\debug\controlmanager.tlog\bscmake.command.1.tlog
c:\users\user\desktop\_25년 1차 sw입문교육\missilesimulator\src\controlmanager\debug\controlmanager.tlog\bscmake.read.1.tlog
c:\users\user\desktop\_25년 1차 sw입문교육\missilesimulator\src\controlmanager\debug\controlmanager.tlog\bscmake.write.1.tlog
c:\users\user\desktop\_25년 1차 sw입문교육\missilesimulator\src\controlmanager\debug\controlmanager.tlog\cl.command.1.tlog
c:\users\user\desktop\_25년 1차 sw입문교육\missilesimulator\src\controlmanager\debug\controlmanager.tlog\cl.items.tlog
c:\users\user\desktop\_25년 1차 sw입문교육\missilesimulator\src\controlmanager\debug\controlmanager.tlog\cl.read.1.tlog
c:\users\user\desktop\_25년 1차 sw입문교육\missilesimulator\src\controlmanager\debug\controlmanager.tlog\cl.write.1.tlog
c:\users\user\desktop\_25년 1차 sw입문교육\missilesimulator\src\controlmanager\debug\controlmanager.tlog\link.command.1.tlog
c:\users\user\desktop\_25년 1차 sw입문교육\missilesimulator\src\controlmanager\debug\controlmanager.tlog\link.read.1.tlog
c:\users\user\desktop\_25년 1차 sw입문교육\missilesimulator\src\controlmanager\debug\controlmanager.tlog\link.secondary.1.tlog
c:\users\user\desktop\_25년 1차 sw입문교육\missilesimulator\src\controlmanager\debug\controlmanager.tlog\link.write.1.tlog
